2025-11-14 01:39:08 [main] INFO  com.alibaba.CommunityRentalSytemApplication - Starting CommunityRentalSytemApplication using Java 17.0.16 with PID 17720 (C:\Users\Keep\IdeaProjects\Community_Rental_Sytem\target\classes started by Keep in C:\Users\Keep\IdeaProjects\Community_Rental_Sytem)
2025-11-14 01:39:08 [main] DEBUG com.alibaba.CommunityRentalSytemApplication - Running with Spring Boot v3.5.7, Spring v6.2.12
2025-11-14 01:39:08 [main] INFO  com.alibaba.CommunityRentalSytemApplication - The following 1 profile is active: "dev"
2025-11-14 01:39:08 [main] INFO  o.s.d.r.config.RepositoryConfigurationDelegate - Multiple Spring Data modules found, entering strict repository configuration mode
2025-11-14 01:39:08 [main] INFO  o.s.d.r.config.RepositoryConfigurationDelegate - Bootstrapping Spring Data Redis repositories in DEFAULT mode.
2025-11-14 01:39:08 [main] INFO  o.s.d.r.config.RepositoryConfigurationDelegate - Finished Spring Data repository scanning in 17 ms. Found 0 Redis repository interfaces.
2025-11-14 01:39:09 [main] INFO  o.s.boot.web.embedded.tomcat.TomcatWebServer - Tomcat initialized with port 8080 (http)
2025-11-14 01:39:09 [main] INFO  org.apache.catalina.core.StandardService - Starting service [Tomcat]
2025-11-14 01:39:09 [main] INFO  org.apache.catalina.core.StandardEngine - Starting Servlet engine: [Apache Tomcat/10.1.48]
2025-11-14 01:39:09 [main] INFO  o.a.c.core.ContainerBase.[Tomcat].[localhost].[/] - Initializing Spring embedded WebApplicationContext
2025-11-14 01:39:09 [main] INFO  o.s.b.w.s.c.ServletWebServerApplicationContext - Root WebApplicationContext: initialization completed in 1416 ms
2025-11-14 01:39:10 [main] INFO  o.s.v.beanvalidation.OptionalValidatorFactoryBean - Failed to set up a Bean Validation provider: jakarta.validation.NoProviderFoundException: Unable to create a Configuration, because no Jakarta Bean Validation provider could be found. Add a provider like Hibernate Validator (RI) to your classpath.
2025-11-14 01:39:11 [main] INFO  o.s.boot.web.embedded.tomcat.TomcatWebServer - Tomcat started on port 8080 (http) with context path '/'
2025-11-14 01:39:11 [main] INFO  com.alibaba.CommunityRentalSytemApplication - Started CommunityRentalSytemApplication in 3.692 seconds (process running for 4.244)
2025-11-14 01:40:22 [http-nio-8080-exec-1] INFO  o.a.c.core.ContainerBase.[Tomcat].[localhost].[/] - Initializing Spring DispatcherServlet 'dispatcherServlet'
2025-11-14 01:40:22 [http-nio-8080-exec-1] INFO  org.springframework.web.servlet.DispatcherServlet - Initializing Servlet 'dispatcherServlet'
2025-11-14 01:40:22 [http-nio-8080-exec-1] INFO  org.springframework.web.servlet.DispatcherServlet - Completed initialization in 1 ms
2025-11-14 01:40:22 [http-nio-8080-exec-1] INFO  com.zaxxer.hikari.HikariDataSource - HikariPool-1 - Starting...
2025-11-14 01:40:24 [http-nio-8080-exec-1] INFO  com.zaxxer.hikari.pool.HikariPool - HikariPool-1 - Added connection com.mysql.cj.jdbc.ConnectionImpl@4a7ea09
2025-11-14 01:40:24 [http-nio-8080-exec-1] INFO  com.zaxxer.hikari.HikariDataSource - HikariPool-1 - Start completed.
2025-11-14 01:40:27 [SpringApplicationShutdownHook] INFO  o.s.boot.web.embedded.tomcat.GracefulShutdown - Commencing graceful shutdown. Waiting for active requests to complete
2025-11-14 01:40:27 [tomcat-shutdown] INFO  o.s.boot.web.embedded.tomcat.GracefulShutdown - Graceful shutdown complete
2025-11-14 01:40:27 [SpringApplicationShutdownHook] INFO  com.zaxxer.hikari.HikariDataSource - HikariPool-1 - Shutdown initiated...
2025-11-14 01:40:27 [SpringApplicationShutdownHook] INFO  com.zaxxer.hikari.HikariDataSource - HikariPool-1 - Shutdown completed.
2025-11-14 01:51:20 [main] INFO  com.alibaba.CommunityRentalSytemApplication - Starting CommunityRentalSytemApplication using Java 17.0.16 with PID 1780 (C:\Users\Keep\IdeaProjects\Community_Rental_Sytem\target\classes started by Keep in C:\Users\Keep\IdeaProjects\Community_Rental_Sytem)
2025-11-14 01:51:20 [main] DEBUG com.alibaba.CommunityRentalSytemApplication - Running with Spring Boot v3.5.7, Spring v6.2.12
2025-11-14 01:51:20 [main] INFO  com.alibaba.CommunityRentalSytemApplication - The following 1 profile is active: "dev"
2025-11-14 01:51:21 [main] INFO  o.s.d.r.config.RepositoryConfigurationDelegate - Multiple Spring Data modules found, entering strict repository configuration mode
2025-11-14 01:51:21 [main] INFO  o.s.d.r.config.RepositoryConfigurationDelegate - Bootstrapping Spring Data Redis repositories in DEFAULT mode.
2025-11-14 01:51:21 [main] INFO  o.s.d.r.config.RepositoryConfigurationDelegate - Finished Spring Data repository scanning in 19 ms. Found 0 Redis repository interfaces.
2025-11-14 01:51:21 [main] INFO  o.s.boot.web.embedded.tomcat.TomcatWebServer - Tomcat initialized with port 8080 (http)
2025-11-14 01:51:21 [main] INFO  org.apache.catalina.core.StandardService - Starting service [Tomcat]
2025-11-14 01:51:21 [main] INFO  org.apache.catalina.core.StandardEngine - Starting Servlet engine: [Apache Tomcat/10.1.48]
2025-11-14 01:51:21 [main] INFO  o.a.c.core.ContainerBase.[Tomcat].[localhost].[/] - Initializing Spring embedded WebApplicationContext
2025-11-14 01:51:21 [main] INFO  o.s.b.w.s.c.ServletWebServerApplicationContext - Root WebApplicationContext: initialization completed in 1436 ms
2025-11-14 01:51:23 [main] INFO  o.s.v.beanvalidation.OptionalValidatorFactoryBean - Failed to set up a Bean Validation provider: jakarta.validation.NoProviderFoundException: Unable to create a Configuration, because no Jakarta Bean Validation provider could be found. Add a provider like Hibernate Validator (RI) to your classpath.
2025-11-14 01:51:23 [main] INFO  o.s.boot.web.embedded.tomcat.TomcatWebServer - Tomcat started on port 8080 (http) with context path '/'
2025-11-14 01:51:23 [main] INFO  com.alibaba.CommunityRentalSytemApplication - Started CommunityRentalSytemApplication in 3.757 seconds (process running for 4.266)
2025-11-14 01:53:24 [SpringApplicationShutdownHook] INFO  o.s.boot.web.embedded.tomcat.GracefulShutdown - Commencing graceful shutdown. Waiting for active requests to complete
2025-11-14 01:53:24 [tomcat-shutdown] INFO  o.s.boot.web.embedded.tomcat.GracefulShutdown - Graceful shutdown complete
2025-11-14 01:53:28 [main] INFO  com.alibaba.CommunityRentalSytemApplication - Starting CommunityRentalSytemApplication using Java 17.0.16 with PID 27008 (C:\Users\Keep\IdeaProjects\Community_Rental_Sytem\target\classes started by Keep in C:\Users\Keep\IdeaProjects\Community_Rental_Sytem)
2025-11-14 01:53:28 [main] DEBUG com.alibaba.CommunityRentalSytemApplication - Running with Spring Boot v3.5.7, Spring v6.2.12
2025-11-14 01:53:28 [main] INFO  com.alibaba.CommunityRentalSytemApplication - The following 1 profile is active: "dev"
2025-11-14 01:53:29 [main] INFO  o.s.d.r.config.RepositoryConfigurationDelegate - Multiple Spring Data modules found, entering strict repository configuration mode
2025-11-14 01:53:29 [main] INFO  o.s.d.r.config.RepositoryConfigurationDelegate - Bootstrapping Spring Data Redis repositories in DEFAULT mode.
2025-11-14 01:53:29 [main] INFO  o.s.d.r.config.RepositoryConfigurationDelegate - Finished Spring Data repository scanning in 15 ms. Found 0 Redis repository interfaces.
2025-11-14 01:53:29 [main] INFO  o.s.boot.web.embedded.tomcat.TomcatWebServer - Tomcat initialized with port 8080 (http)
2025-11-14 01:53:29 [main] INFO  org.apache.catalina.core.StandardService - Starting service [Tomcat]
2025-11-14 01:53:29 [main] INFO  org.apache.catalina.core.StandardEngine - Starting Servlet engine: [Apache Tomcat/10.1.48]
2025-11-14 01:53:29 [main] INFO  o.a.c.core.ContainerBase.[Tomcat].[localhost].[/] - Initializing Spring embedded WebApplicationContext
2025-11-14 01:53:29 [main] INFO  o.s.b.w.s.c.ServletWebServerApplicationContext - Root WebApplicationContext: initialization completed in 1131 ms
2025-11-14 01:53:30 [main] INFO  o.s.v.beanvalidation.OptionalValidatorFactoryBean - Failed to set up a Bean Validation provider: jakarta.validation.NoProviderFoundException: Unable to create a Configuration, because no Jakarta Bean Validation provider could be found. Add a provider like Hibernate Validator (RI) to your classpath.
2025-11-14 01:53:31 [main] INFO  o.s.boot.web.embedded.tomcat.TomcatWebServer - Tomcat started on port 8080 (http) with context path '/'
2025-11-14 01:53:31 [main] INFO  com.alibaba.CommunityRentalSytemApplication - Started CommunityRentalSytemApplication in 3.132 seconds (process running for 3.566)
2025-11-14 01:55:13 [SpringApplicationShutdownHook] INFO  o.s.boot.web.embedded.tomcat.GracefulShutdown - Commencing graceful shutdown. Waiting for active requests to complete
2025-11-14 01:55:13 [tomcat-shutdown] INFO  o.s.boot.web.embedded.tomcat.GracefulShutdown - Graceful shutdown complete
2025-11-14 01:55:15 [main] INFO  com.alibaba.CommunityRentalSytemApplication - Starting CommunityRentalSytemApplication using Java 17.0.16 with PID 32892 (C:\Users\Keep\IdeaProjects\Community_Rental_Sytem\target\classes started by Keep in C:\Users\Keep\IdeaProjects\Community_Rental_Sytem)
2025-11-14 01:55:15 [main] DEBUG com.alibaba.CommunityRentalSytemApplication - Running with Spring Boot v3.5.7, Spring v6.2.12
2025-11-14 01:55:15 [main] INFO  com.alibaba.CommunityRentalSytemApplication - The following 1 profile is active: "dev"
2025-11-14 01:55:15 [main] INFO  o.s.d.r.config.RepositoryConfigurationDelegate - Multiple Spring Data modules found, entering strict repository configuration mode
2025-11-14 01:55:15 [main] INFO  o.s.d.r.config.RepositoryConfigurationDelegate - Bootstrapping Spring Data Redis repositories in DEFAULT mode.
2025-11-14 01:55:15 [main] INFO  o.s.d.r.config.RepositoryConfigurationDelegate - Finished Spring Data repository scanning in 17 ms. Found 0 Redis repository interfaces.
2025-11-14 01:55:16 [main] INFO  o.s.boot.web.embedded.tomcat.TomcatWebServer - Tomcat initialized with port 8080 (http)
2025-11-14 01:55:16 [main] INFO  org.apache.catalina.core.StandardService - Starting service [Tomcat]
2025-11-14 01:55:16 [main] INFO  org.apache.catalina.core.StandardEngine - Starting Servlet engine: [Apache Tomcat/10.1.48]
2025-11-14 01:55:16 [main] INFO  o.a.c.core.ContainerBase.[Tomcat].[localhost].[/] - Initializing Spring embedded WebApplicationContext
2025-11-14 01:55:16 [main] INFO  o.s.b.w.s.c.ServletWebServerApplicationContext - Root WebApplicationContext: initialization completed in 1176 ms
2025-11-14 01:55:17 [main] INFO  o.s.v.beanvalidation.OptionalValidatorFactoryBean - Failed to set up a Bean Validation provider: jakarta.validation.NoProviderFoundException: Unable to create a Configuration, because no Jakarta Bean Validation provider could be found. Add a provider like Hibernate Validator (RI) to your classpath.
2025-11-14 01:55:18 [main] INFO  o.s.boot.web.embedded.tomcat.TomcatWebServer - Tomcat started on port 8080 (http) with context path '/'
2025-11-14 01:55:18 [main] INFO  com.alibaba.CommunityRentalSytemApplication - Started CommunityRentalSytemApplication in 3.321 seconds (process running for 3.848)
2025-11-14 01:57:50 [http-nio-8080-exec-1] INFO  o.a.c.core.ContainerBase.[Tomcat].[localhost].[/] - Initializing Spring DispatcherServlet 'dispatcherServlet'
2025-11-14 01:57:50 [http-nio-8080-exec-1] INFO  org.springframework.web.servlet.DispatcherServlet - Initializing Servlet 'dispatcherServlet'
2025-11-14 01:57:50 [http-nio-8080-exec-1] INFO  org.springframework.web.servlet.DispatcherServlet - Completed initialization in 0 ms
2025-11-14 01:57:50 [http-nio-8080-exec-1] ERROR com.alibaba.handler.GlobalExceptionHandler - 业务异常: 手机号不能为空
2025-11-14 01:59:43 [SpringApplicationShutdownHook] INFO  o.s.boot.web.embedded.tomcat.GracefulShutdown - Commencing graceful shutdown. Waiting for active requests to complete
2025-11-14 01:59:43 [tomcat-shutdown] INFO  o.s.boot.web.embedded.tomcat.GracefulShutdown - Graceful shutdown complete
2025-11-14 01:59:47 [main] INFO  com.alibaba.CommunityRentalSytemApplication - Starting CommunityRentalSytemApplication using Java 17.0.16 with PID 12124 (C:\Users\Keep\IdeaProjects\Community_Rental_Sytem\target\classes started by Keep in C:\Users\Keep\IdeaProjects\Community_Rental_Sytem)
2025-11-14 01:59:47 [main] DEBUG com.alibaba.CommunityRentalSytemApplication - Running with Spring Boot v3.5.7, Spring v6.2.12
2025-11-14 01:59:47 [main] INFO  com.alibaba.CommunityRentalSytemApplication - The following 1 profile is active: "dev"
2025-11-14 01:59:47 [main] INFO  o.s.d.r.config.RepositoryConfigurationDelegate - Multiple Spring Data modules found, entering strict repository configuration mode
2025-11-14 01:59:47 [main] INFO  o.s.d.r.config.RepositoryConfigurationDelegate - Bootstrapping Spring Data Redis repositories in DEFAULT mode.
2025-11-14 01:59:47 [main] INFO  o.s.d.r.config.RepositoryConfigurationDelegate - Finished Spring Data repository scanning in 16 ms. Found 0 Redis repository interfaces.
2025-11-14 01:59:48 [main] INFO  o.s.boot.web.embedded.tomcat.TomcatWebServer - Tomcat initialized with port 8080 (http)
2025-11-14 01:59:48 [main] INFO  org.apache.catalina.core.StandardService - Starting service [Tomcat]
2025-11-14 01:59:48 [main] INFO  org.apache.catalina.core.StandardEngine - Starting Servlet engine: [Apache Tomcat/10.1.48]
2025-11-14 01:59:48 [main] INFO  o.a.c.core.ContainerBase.[Tomcat].[localhost].[/] - Initializing Spring embedded WebApplicationContext
2025-11-14 01:59:48 [main] INFO  o.s.b.w.s.c.ServletWebServerApplicationContext - Root WebApplicationContext: initialization completed in 1126 ms
2025-11-14 01:59:49 [main] INFO  o.s.v.beanvalidation.OptionalValidatorFactoryBean - Failed to set up a Bean Validation provider: jakarta.validation.NoProviderFoundException: Unable to create a Configuration, because no Jakarta Bean Validation provider could be found. Add a provider like Hibernate Validator (RI) to your classpath.
2025-11-14 01:59:49 [main] INFO  o.s.boot.web.embedded.tomcat.TomcatWebServer - Tomcat started on port 8080 (http) with context path '/'
2025-11-14 01:59:49 [main] INFO  com.alibaba.CommunityRentalSytemApplication - Started CommunityRentalSytemApplication in 3.116 seconds (process running for 3.54)
2025-11-14 01:59:53 [http-nio-8080-exec-2] INFO  o.a.c.core.ContainerBase.[Tomcat].[localhost].[/] - Initializing Spring DispatcherServlet 'dispatcherServlet'
2025-11-14 01:59:53 [http-nio-8080-exec-2] INFO  org.springframework.web.servlet.DispatcherServlet - Initializing Servlet 'dispatcherServlet'
2025-11-14 01:59:53 [http-nio-8080-exec-2] INFO  org.springframework.web.servlet.DispatcherServlet - Completed initialization in 1 ms
2025-11-14 01:59:53 [http-nio-8080-exec-2] INFO  com.zaxxer.hikari.HikariDataSource - HikariPool-1 - Starting...
2025-11-14 01:59:54 [http-nio-8080-exec-2] INFO  com.zaxxer.hikari.pool.HikariPool - HikariPool-1 - Added connection com.mysql.cj.jdbc.ConnectionImpl@6cb014ab
2025-11-14 01:59:54 [http-nio-8080-exec-2] INFO  com.zaxxer.hikari.HikariDataSource - HikariPool-1 - Start completed.
2025-11-14 01:59:54 [http-nio-8080-exec-2] ERROR com.alibaba.handler.GlobalExceptionHandler - 业务异常: 手机号已存在,请重新注册
2025-11-14 02:00:20 [http-nio-8080-exec-3] ERROR com.alibaba.handler.GlobalExceptionHandler - 业务异常: 手机号不能为空
2025-11-14 02:00:46 [SpringApplicationShutdownHook] INFO  o.s.boot.web.embedded.tomcat.GracefulShutdown - Commencing graceful shutdown. Waiting for active requests to complete
2025-11-14 02:00:46 [tomcat-shutdown] INFO  o.s.boot.web.embedded.tomcat.GracefulShutdown - Graceful shutdown complete
2025-11-14 02:00:46 [SpringApplicationShutdownHook] INFO  com.zaxxer.hikari.HikariDataSource - HikariPool-1 - Shutdown initiated...
2025-11-14 02:00:46 [SpringApplicationShutdownHook] INFO  com.zaxxer.hikari.HikariDataSource - HikariPool-1 - Shutdown completed.
2025-11-14 02:00:50 [main] INFO  com.alibaba.CommunityRentalSytemApplication - Starting CommunityRentalSytemApplication using Java 17.0.16 with PID 9756 (C:\Users\Keep\IdeaProjects\Community_Rental_Sytem\target\classes started by Keep in C:\Users\Keep\IdeaProjects\Community_Rental_Sytem)
2025-11-14 02:00:50 [main] DEBUG com.alibaba.CommunityRentalSytemApplication - Running with Spring Boot v3.5.7, Spring v6.2.12
2025-11-14 02:00:50 [main] INFO  com.alibaba.CommunityRentalSytemApplication - The following 1 profile is active: "dev"
2025-11-14 02:00:51 [main] INFO  o.s.d.r.config.RepositoryConfigurationDelegate - Multiple Spring Data modules found, entering strict repository configuration mode
2025-11-14 02:00:51 [main] INFO  o.s.d.r.config.RepositoryConfigurationDelegate - Bootstrapping Spring Data Redis repositories in DEFAULT mode.
2025-11-14 02:00:51 [main] INFO  o.s.d.r.config.RepositoryConfigurationDelegate - Finished Spring Data repository scanning in 15 ms. Found 0 Redis repository interfaces.
2025-11-14 02:00:51 [main] INFO  o.s.boot.web.embedded.tomcat.TomcatWebServer - Tomcat initialized with port 8080 (http)
2025-11-14 02:00:51 [main] INFO  org.apache.catalina.core.StandardService - Starting service [Tomcat]
2025-11-14 02:00:51 [main] INFO  org.apache.catalina.core.StandardEngine - Starting Servlet engine: [Apache Tomcat/10.1.48]
2025-11-14 02:00:51 [main] INFO  o.a.c.core.ContainerBase.[Tomcat].[localhost].[/] - Initializing Spring embedded WebApplicationContext
2025-11-14 02:00:51 [main] INFO  o.s.b.w.s.c.ServletWebServerApplicationContext - Root WebApplicationContext: initialization completed in 1112 ms
2025-11-14 02:00:52 [main] INFO  o.s.v.beanvalidation.OptionalValidatorFactoryBean - Failed to set up a Bean Validation provider: jakarta.validation.NoProviderFoundException: Unable to create a Configuration, because no Jakarta Bean Validation provider could be found. Add a provider like Hibernate Validator (RI) to your classpath.
2025-11-14 02:00:53 [main] INFO  o.s.boot.web.embedded.tomcat.TomcatWebServer - Tomcat started on port 8080 (http) with context path '/'
2025-11-14 02:00:53 [main] INFO  com.alibaba.CommunityRentalSytemApplication - Started CommunityRentalSytemApplication in 3.179 seconds (process running for 3.608)
2025-11-14 02:00:54 [http-nio-8080-exec-2] INFO  o.a.c.core.ContainerBase.[Tomcat].[localhost].[/] - Initializing Spring DispatcherServlet 'dispatcherServlet'
2025-11-14 02:00:54 [http-nio-8080-exec-2] INFO  org.springframework.web.servlet.DispatcherServlet - Initializing Servlet 'dispatcherServlet'
2025-11-14 02:00:54 [http-nio-8080-exec-2] INFO  org.springframework.web.servlet.DispatcherServlet - Completed initialization in 1 ms
2025-11-14 02:00:54 [http-nio-8080-exec-2] INFO  com.zaxxer.hikari.HikariDataSource - HikariPool-1 - Starting...
2025-11-14 02:00:55 [http-nio-8080-exec-2] INFO  com.zaxxer.hikari.pool.HikariPool - HikariPool-1 - Added connection com.mysql.cj.jdbc.ConnectionImpl@77e566a2
2025-11-14 02:00:55 [http-nio-8080-exec-2] INFO  com.zaxxer.hikari.HikariDataSource - HikariPool-1 - Start completed.
2025-11-14 02:00:55 [http-nio-8080-exec-2] ERROR com.alibaba.handler.GlobalExceptionHandler - 业务异常: 手机号不能为空
2025-11-14 02:01:34 [SpringApplicationShutdownHook] INFO  o.s.boot.web.embedded.tomcat.GracefulShutdown - Commencing graceful shutdown. Waiting for active requests to complete
2025-11-14 02:01:34 [tomcat-shutdown] INFO  o.s.boot.web.embedded.tomcat.GracefulShutdown - Graceful shutdown complete
2025-11-14 02:01:35 [SpringApplicationShutdownHook] INFO  com.zaxxer.hikari.HikariDataSource - HikariPool-1 - Shutdown initiated...
2025-11-14 02:01:35 [SpringApplicationShutdownHook] INFO  com.zaxxer.hikari.HikariDataSource - HikariPool-1 - Shutdown completed.
2025-11-14 02:01:39 [main] INFO  com.alibaba.CommunityRentalSytemApplication - Starting CommunityRentalSytemApplication using Java 17.0.16 with PID 21512 (C:\Users\Keep\IdeaProjects\Community_Rental_Sytem\target\classes started by Keep in C:\Users\Keep\IdeaProjects\Community_Rental_Sytem)
2025-11-14 02:01:39 [main] DEBUG com.alibaba.CommunityRentalSytemApplication - Running with Spring Boot v3.5.7, Spring v6.2.12
2025-11-14 02:01:39 [main] INFO  com.alibaba.CommunityRentalSytemApplication - The following 1 profile is active: "dev"
2025-11-14 02:01:39 [main] INFO  o.s.d.r.config.RepositoryConfigurationDelegate - Multiple Spring Data modules found, entering strict repository configuration mode
2025-11-14 02:01:39 [main] INFO  o.s.d.r.config.RepositoryConfigurationDelegate - Bootstrapping Spring Data Redis repositories in DEFAULT mode.
2025-11-14 02:01:39 [main] INFO  o.s.d.r.config.RepositoryConfigurationDelegate - Finished Spring Data repository scanning in 15 ms. Found 0 Redis repository interfaces.
2025-11-14 02:01:40 [main] INFO  o.s.boot.web.embedded.tomcat.TomcatWebServer - Tomcat initialized with port 8080 (http)
2025-11-14 02:01:40 [main] INFO  org.apache.catalina.core.StandardService - Starting service [Tomcat]
2025-11-14 02:01:40 [main] INFO  org.apache.catalina.core.StandardEngine - Starting Servlet engine: [Apache Tomcat/10.1.48]
2025-11-14 02:01:40 [main] INFO  o.a.c.core.ContainerBase.[Tomcat].[localhost].[/] - Initializing Spring embedded WebApplicationContext
2025-11-14 02:01:40 [main] INFO  o.s.b.w.s.c.ServletWebServerApplicationContext - Root WebApplicationContext: initialization completed in 1134 ms
2025-11-14 02:01:41 [main] INFO  o.s.v.beanvalidation.OptionalValidatorFactoryBean - Failed to set up a Bean Validation provider: jakarta.validation.NoProviderFoundException: Unable to create a Configuration, because no Jakarta Bean Validation provider could be found. Add a provider like Hibernate Validator (RI) to your classpath.
2025-11-14 02:01:41 [main] INFO  o.s.boot.web.embedded.tomcat.TomcatWebServer - Tomcat started on port 8080 (http) with context path '/'
2025-11-14 02:01:41 [main] INFO  com.alibaba.CommunityRentalSytemApplication - Started CommunityRentalSytemApplication in 3.174 seconds (process running for 3.613)
2025-11-14 02:01:41 [http-nio-8080-exec-2] INFO  o.a.c.core.ContainerBase.[Tomcat].[localhost].[/] - Initializing Spring DispatcherServlet 'dispatcherServlet'
2025-11-14 02:01:42 [http-nio-8080-exec-2] INFO  org.springframework.web.servlet.DispatcherServlet - Initializing Servlet 'dispatcherServlet'
2025-11-14 02:01:42 [http-nio-8080-exec-2] INFO  org.springframework.web.servlet.DispatcherServlet - Completed initialization in 1 ms
2025-11-14 02:01:42 [http-nio-8080-exec-2] INFO  com.zaxxer.hikari.HikariDataSource - HikariPool-1 - Starting...
2025-11-14 02:01:43 [http-nio-8080-exec-2] INFO  com.zaxxer.hikari.pool.HikariPool - HikariPool-1 - Added connection com.mysql.cj.jdbc.ConnectionImpl@73d4b508
2025-11-14 02:01:43 [http-nio-8080-exec-2] INFO  com.zaxxer.hikari.HikariDataSource - HikariPool-1 - Start completed.
2025-11-14 02:02:11 [http-nio-8080-exec-5] ERROR com.alibaba.handler.GlobalExceptionHandler - 业务异常: 用户不存在
2025-11-14 02:02:49 [SpringApplicationShutdownHook] INFO  o.s.boot.web.embedded.tomcat.GracefulShutdown - Commencing graceful shutdown. Waiting for active requests to complete
2025-11-14 02:02:49 [tomcat-shutdown] INFO  o.s.boot.web.embedded.tomcat.GracefulShutdown - Graceful shutdown complete
2025-11-14 02:02:49 [SpringApplicationShutdownHook] INFO  com.zaxxer.hikari.HikariDataSource - HikariPool-1 - Shutdown initiated...
2025-11-14 02:02:49 [SpringApplicationShutdownHook] INFO  com.zaxxer.hikari.HikariDataSource - HikariPool-1 - Shutdown completed.
2025-11-14 02:02:53 [main] INFO  com.alibaba.CommunityRentalSytemApplication - Starting CommunityRentalSytemApplication using Java 17.0.16 with PID 20568 (C:\Users\Keep\IdeaProjects\Community_Rental_Sytem\target\classes started by Keep in C:\Users\Keep\IdeaProjects\Community_Rental_Sytem)
2025-11-14 02:02:53 [main] DEBUG com.alibaba.CommunityRentalSytemApplication - Running with Spring Boot v3.5.7, Spring v6.2.12
2025-11-14 02:02:53 [main] INFO  com.alibaba.CommunityRentalSytemApplication - The following 1 profile is active: "dev"
2025-11-14 02:02:53 [main] INFO  o.s.d.r.config.RepositoryConfigurationDelegate - Multiple Spring Data modules found, entering strict repository configuration mode
2025-11-14 02:02:53 [main] INFO  o.s.d.r.config.RepositoryConfigurationDelegate - Bootstrapping Spring Data Redis repositories in DEFAULT mode.
2025-11-14 02:02:53 [main] INFO  o.s.d.r.config.RepositoryConfigurationDelegate - Finished Spring Data repository scanning in 16 ms. Found 0 Redis repository interfaces.
2025-11-14 02:02:54 [main] INFO  o.s.boot.web.embedded.tomcat.TomcatWebServer - Tomcat initialized with port 8080 (http)
2025-11-14 02:02:54 [main] INFO  org.apache.catalina.core.StandardService - Starting service [Tomcat]
2025-11-14 02:02:54 [main] INFO  org.apache.catalina.core.StandardEngine - Starting Servlet engine: [Apache Tomcat/10.1.48]
2025-11-14 02:02:54 [main] INFO  o.a.c.core.ContainerBase.[Tomcat].[localhost].[/] - Initializing Spring embedded WebApplicationContext
2025-11-14 02:02:54 [main] INFO  o.s.b.w.s.c.ServletWebServerApplicationContext - Root WebApplicationContext: initialization completed in 1206 ms
2025-11-14 02:02:55 [main] INFO  o.s.v.beanvalidation.OptionalValidatorFactoryBean - Failed to set up a Bean Validation provider: jakarta.validation.NoProviderFoundException: Unable to create a Configuration, because no Jakarta Bean Validation provider could be found. Add a provider like Hibernate Validator (RI) to your classpath.
2025-11-14 02:02:55 [main] INFO  o.s.boot.web.embedded.tomcat.TomcatWebServer - Tomcat started on port 8080 (http) with context path '/'
2025-11-14 02:02:55 [main] INFO  com.alibaba.CommunityRentalSytemApplication - Started CommunityRentalSytemApplication in 3.232 seconds (process running for 3.686)
2025-11-14 02:03:03 [http-nio-8080-exec-2] INFO  o.a.c.core.ContainerBase.[Tomcat].[localhost].[/] - Initializing Spring DispatcherServlet 'dispatcherServlet'
2025-11-14 02:03:03 [http-nio-8080-exec-2] INFO  org.springframework.web.servlet.DispatcherServlet - Initializing Servlet 'dispatcherServlet'
2025-11-14 02:03:03 [http-nio-8080-exec-2] INFO  org.springframework.web.servlet.DispatcherServlet - Completed initialization in 2 ms
2025-11-14 02:03:03 [http-nio-8080-exec-2] INFO  com.zaxxer.hikari.HikariDataSource - HikariPool-1 - Starting...
2025-11-14 02:03:04 [http-nio-8080-exec-2] INFO  com.zaxxer.hikari.pool.HikariPool - HikariPool-1 - Added connection com.mysql.cj.jdbc.ConnectionImpl@7d2ad87e
2025-11-14 02:03:04 [http-nio-8080-exec-2] INFO  com.zaxxer.hikari.HikariDataSource - HikariPool-1 - Start completed.
2025-11-14 02:04:22 [SpringApplicationShutdownHook] INFO  o.s.boot.web.embedded.tomcat.GracefulShutdown - Commencing graceful shutdown. Waiting for active requests to complete
2025-11-14 02:04:22 [tomcat-shutdown] INFO  o.s.boot.web.embedded.tomcat.GracefulShutdown - Graceful shutdown complete
2025-11-14 02:04:22 [SpringApplicationShutdownHook] INFO  com.zaxxer.hikari.HikariDataSource - HikariPool-1 - Shutdown initiated...
2025-11-14 02:04:22 [SpringApplicationShutdownHook] INFO  com.zaxxer.hikari.HikariDataSource - HikariPool-1 - Shutdown completed.
2025-11-14 02:04:26 [main] INFO  com.alibaba.CommunityRentalSytemApplication - Starting CommunityRentalSytemApplication using Java 17.0.16 with PID 26556 (C:\Users\Keep\IdeaProjects\Community_Rental_Sytem\target\classes started by Keep in C:\Users\Keep\IdeaProjects\Community_Rental_Sytem)
2025-11-14 02:04:26 [main] DEBUG com.alibaba.CommunityRentalSytemApplication - Running with Spring Boot v3.5.7, Spring v6.2.12
2025-11-14 02:04:26 [main] INFO  com.alibaba.CommunityRentalSytemApplication - The following 1 profile is active: "dev"
2025-11-14 02:04:27 [main] INFO  o.s.d.r.config.RepositoryConfigurationDelegate - Multiple Spring Data modules found, entering strict repository configuration mode
2025-11-14 02:04:27 [main] INFO  o.s.d.r.config.RepositoryConfigurationDelegate - Bootstrapping Spring Data Redis repositories in DEFAULT mode.
2025-11-14 02:04:27 [main] INFO  o.s.d.r.config.RepositoryConfigurationDelegate - Finished Spring Data repository scanning in 15 ms. Found 0 Redis repository interfaces.
2025-11-14 02:04:27 [main] INFO  o.s.boot.web.embedded.tomcat.TomcatWebServer - Tomcat initialized with port 8080 (http)
2025-11-14 02:04:27 [main] INFO  org.apache.catalina.core.StandardService - Starting service [Tomcat]
2025-11-14 02:04:27 [main] INFO  org.apache.catalina.core.StandardEngine - Starting Servlet engine: [Apache Tomcat/10.1.48]
2025-11-14 02:04:27 [main] INFO  o.a.c.core.ContainerBase.[Tomcat].[localhost].[/] - Initializing Spring embedded WebApplicationContext
2025-11-14 02:04:27 [main] INFO  o.s.b.w.s.c.ServletWebServerApplicationContext - Root WebApplicationContext: initialization completed in 1112 ms
2025-11-14 02:04:28 [main] INFO  o.s.v.beanvalidation.OptionalValidatorFactoryBean - Failed to set up a Bean Validation provider: jakarta.validation.NoProviderFoundException: Unable to create a Configuration, because no Jakarta Bean Validation provider could be found. Add a provider like Hibernate Validator (RI) to your classpath.
2025-11-14 02:04:29 [main] INFO  o.s.boot.web.embedded.tomcat.TomcatWebServer - Tomcat started on port 8080 (http) with context path '/'
2025-11-14 02:04:29 [main] INFO  com.alibaba.CommunityRentalSytemApplication - Started CommunityRentalSytemApplication in 3.097 seconds (process running for 3.527)
2025-11-14 02:04:32 [http-nio-8080-exec-3] INFO  o.a.c.core.ContainerBase.[Tomcat].[localhost].[/] - Initializing Spring DispatcherServlet 'dispatcherServlet'
2025-11-14 02:04:32 [http-nio-8080-exec-3] INFO  org.springframework.web.servlet.DispatcherServlet - Initializing Servlet 'dispatcherServlet'
2025-11-14 02:04:32 [http-nio-8080-exec-3] INFO  org.springframework.web.servlet.DispatcherServlet - Completed initialization in 1 ms
2025-11-14 02:04:32 [http-nio-8080-exec-3] INFO  com.zaxxer.hikari.HikariDataSource - HikariPool-1 - Starting...
2025-11-14 02:04:33 [http-nio-8080-exec-3] INFO  com.zaxxer.hikari.pool.HikariPool - HikariPool-1 - Added connection com.mysql.cj.jdbc.ConnectionImpl@7b7b0f94
2025-11-14 02:04:33 [http-nio-8080-exec-3] INFO  com.zaxxer.hikari.HikariDataSource - HikariPool-1 - Start completed.
2025-11-14 02:04:33 [http-nio-8080-exec-3] ERROR com.alibaba.handler.GlobalExceptionHandler - 业务异常: 密码错误或手机号错误
2025-11-14 02:04:38 [http-nio-8080-exec-2] ERROR com.alibaba.handler.GlobalExceptionHandler - 业务异常: 密码错误或手机号错误
2025-11-14 02:06:35 [SpringApplicationShutdownHook] INFO  o.s.boot.web.embedded.tomcat.GracefulShutdown - Commencing graceful shutdown. Waiting for active requests to complete
2025-11-14 02:06:35 [tomcat-shutdown] INFO  o.s.boot.web.embedded.tomcat.GracefulShutdown - Graceful shutdown complete
2025-11-14 02:06:35 [SpringApplicationShutdownHook] INFO  com.zaxxer.hikari.HikariDataSource - HikariPool-1 - Shutdown initiated...
2025-11-14 02:06:35 [SpringApplicationShutdownHook] INFO  com.zaxxer.hikari.HikariDataSource - HikariPool-1 - Shutdown completed.
2025-11-14 02:06:39 [main] INFO  com.alibaba.CommunityRentalSytemApplication - Starting CommunityRentalSytemApplication using Java 17.0.16 with PID 30344 (C:\Users\Keep\IdeaProjects\Community_Rental_Sytem\target\classes started by Keep in C:\Users\Keep\IdeaProjects\Community_Rental_Sytem)
2025-11-14 02:06:39 [main] DEBUG com.alibaba.CommunityRentalSytemApplication - Running with Spring Boot v3.5.7, Spring v6.2.12
2025-11-14 02:06:39 [main] INFO  com.alibaba.CommunityRentalSytemApplication - The following 1 profile is active: "dev"
2025-11-14 02:06:40 [main] INFO  o.s.d.r.config.RepositoryConfigurationDelegate - Multiple Spring Data modules found, entering strict repository configuration mode
2025-11-14 02:06:40 [main] INFO  o.s.d.r.config.RepositoryConfigurationDelegate - Bootstrapping Spring Data Redis repositories in DEFAULT mode.
2025-11-14 02:06:40 [main] INFO  o.s.d.r.config.RepositoryConfigurationDelegate - Finished Spring Data repository scanning in 16 ms. Found 0 Redis repository interfaces.
2025-11-14 02:06:40 [main] INFO  o.s.boot.web.embedded.tomcat.TomcatWebServer - Tomcat initialized with port 8080 (http)
2025-11-14 02:06:40 [main] INFO  org.apache.catalina.core.StandardService - Starting service [Tomcat]
2025-11-14 02:06:40 [main] INFO  org.apache.catalina.core.StandardEngine - Starting Servlet engine: [Apache Tomcat/10.1.48]
2025-11-14 02:06:40 [main] INFO  o.a.c.core.ContainerBase.[Tomcat].[localhost].[/] - Initializing Spring embedded WebApplicationContext
2025-11-14 02:06:40 [main] INFO  o.s.b.w.s.c.ServletWebServerApplicationContext - Root WebApplicationContext: initialization completed in 1158 ms
2025-11-14 02:06:42 [main] INFO  o.s.v.beanvalidation.OptionalValidatorFactoryBean - Failed to set up a Bean Validation provider: jakarta.validation.NoProviderFoundException: Unable to create a Configuration, because no Jakarta Bean Validation provider could be found. Add a provider like Hibernate Validator (RI) to your classpath.
2025-11-14 02:06:42 [main] INFO  o.s.boot.web.embedded.tomcat.TomcatWebServer - Tomcat started on port 8080 (http) with context path '/'
2025-11-14 02:06:42 [main] INFO  com.alibaba.CommunityRentalSytemApplication - Started CommunityRentalSytemApplication in 3.257 seconds (process running for 3.681)
2025-11-14 02:06:43 [http-nio-8080-exec-4] INFO  o.a.c.core.ContainerBase.[Tomcat].[localhost].[/] - Initializing Spring DispatcherServlet 'dispatcherServlet'
2025-11-14 02:06:43 [http-nio-8080-exec-4] INFO  org.springframework.web.servlet.DispatcherServlet - Initializing Servlet 'dispatcherServlet'
2025-11-14 02:06:43 [http-nio-8080-exec-4] INFO  org.springframework.web.servlet.DispatcherServlet - Completed initialization in 1 ms
2025-11-14 02:06:43 [http-nio-8080-exec-4] INFO  com.zaxxer.hikari.HikariDataSource - HikariPool-1 - Starting...
2025-11-14 02:06:44 [http-nio-8080-exec-4] INFO  com.zaxxer.hikari.pool.HikariPool - HikariPool-1 - Added connection com.mysql.cj.jdbc.ConnectionImpl@7688fbad
2025-11-14 02:06:44 [http-nio-8080-exec-4] INFO  com.zaxxer.hikari.HikariDataSource - HikariPool-1 - Start completed.
2025-11-14 02:06:44 [http-nio-8080-exec-4] ERROR com.alibaba.handler.GlobalExceptionHandler - 业务异常: 密码错误或手机号错误
2025-11-14 02:06:56 [http-nio-8080-exec-6] ERROR com.alibaba.handler.GlobalExceptionHandler - 业务异常: 手机号已存在,请重新注册
2025-11-14 02:07:09 [SpringApplicationShutdownHook] INFO  o.s.boot.web.embedded.tomcat.GracefulShutdown - Commencing graceful shutdown. Waiting for active requests to complete
2025-11-14 02:07:09 [tomcat-shutdown] INFO  o.s.boot.web.embedded.tomcat.GracefulShutdown - Graceful shutdown complete
2025-11-14 02:07:09 [SpringApplicationShutdownHook] INFO  com.zaxxer.hikari.HikariDataSource - HikariPool-1 - Shutdown initiated...
2025-11-14 02:07:09 [SpringApplicationShutdownHook] INFO  com.zaxxer.hikari.HikariDataSource - HikariPool-1 - Shutdown completed.
2025-11-14 02:07:13 [main] INFO  com.alibaba.CommunityRentalSytemApplication - Starting CommunityRentalSytemApplication using Java 17.0.16 with PID 17712 (C:\Users\Keep\IdeaProjects\Community_Rental_Sytem\target\classes started by Keep in C:\Users\Keep\IdeaProjects\Community_Rental_Sytem)
2025-11-14 02:07:13 [main] DEBUG com.alibaba.CommunityRentalSytemApplication - Running with Spring Boot v3.5.7, Spring v6.2.12
2025-11-14 02:07:13 [main] INFO  com.alibaba.CommunityRentalSytemApplication - The following 1 profile is active: "dev"
2025-11-14 02:07:13 [main] INFO  o.s.d.r.config.RepositoryConfigurationDelegate - Multiple Spring Data modules found, entering strict repository configuration mode
2025-11-14 02:07:13 [main] INFO  o.s.d.r.config.RepositoryConfigurationDelegate - Bootstrapping Spring Data Redis repositories in DEFAULT mode.
2025-11-14 02:07:13 [main] INFO  o.s.d.r.config.RepositoryConfigurationDelegate - Finished Spring Data repository scanning in 17 ms. Found 0 Redis repository interfaces.
2025-11-14 02:07:14 [main] INFO  o.s.boot.web.embedded.tomcat.TomcatWebServer - Tomcat initialized with port 8080 (http)
2025-11-14 02:07:14 [main] INFO  org.apache.catalina.core.StandardService - Starting service [Tomcat]
2025-11-14 02:07:14 [main] INFO  org.apache.catalina.core.StandardEngine - Starting Servlet engine: [Apache Tomcat/10.1.48]
2025-11-14 02:07:14 [main] INFO  o.a.c.core.ContainerBase.[Tomcat].[localhost].[/] - Initializing Spring embedded WebApplicationContext
2025-11-14 02:07:14 [main] INFO  o.s.b.w.s.c.ServletWebServerApplicationContext - Root WebApplicationContext: initialization completed in 1229 ms
2025-11-14 02:07:15 [main] INFO  o.s.v.beanvalidation.OptionalValidatorFactoryBean - Failed to set up a Bean Validation provider: jakarta.validation.NoProviderFoundException: Unable to create a Configuration, because no Jakarta Bean Validation provider could be found. Add a provider like Hibernate Validator (RI) to your classpath.
2025-11-14 02:07:16 [main] INFO  o.s.boot.web.embedded.tomcat.TomcatWebServer - Tomcat started on port 8080 (http) with context path '/'
2025-11-14 02:07:16 [main] INFO  com.alibaba.CommunityRentalSytemApplication - Started CommunityRentalSytemApplication in 3.326 seconds (process running for 3.872)
2025-11-14 02:07:18 [http-nio-8080-exec-2] INFO  o.a.c.core.ContainerBase.[Tomcat].[localhost].[/] - Initializing Spring DispatcherServlet 'dispatcherServlet'
2025-11-14 02:07:18 [http-nio-8080-exec-2] INFO  org.springframework.web.servlet.DispatcherServlet - Initializing Servlet 'dispatcherServlet'
2025-11-14 02:07:18 [http-nio-8080-exec-2] INFO  org.springframework.web.servlet.DispatcherServlet - Completed initialization in 2 ms
2025-11-14 02:07:18 [http-nio-8080-exec-2] INFO  com.zaxxer.hikari.HikariDataSource - HikariPool-1 - Starting...
2025-11-14 02:07:19 [http-nio-8080-exec-2] INFO  com.zaxxer.hikari.pool.HikariPool - HikariPool-1 - Added connection com.mysql.cj.jdbc.ConnectionImpl@23157552
2025-11-14 02:07:19 [http-nio-8080-exec-2] INFO  com.zaxxer.hikari.HikariDataSource - HikariPool-1 - Start completed.
2025-11-14 02:07:19 [http-nio-8080-exec-2] ERROR com.alibaba.handler.GlobalExceptionHandler - 业务异常: 手机号已存在,请重新注册
2025-11-14 02:07:22 [http-nio-8080-exec-3] ERROR com.alibaba.handler.GlobalExceptionHandler - 业务异常: 密码错误或手机号错误
2025-11-14 02:07:26 [http-nio-8080-exec-4] ERROR com.alibaba.handler.GlobalExceptionHandler - 业务异常: 密码错误或手机号错误
2025-11-14 02:07:30 [SpringApplicationShutdownHook] INFO  o.s.boot.web.embedded.tomcat.GracefulShutdown - Commencing graceful shutdown. Waiting for active requests to complete
2025-11-14 02:07:30 [tomcat-shutdown] INFO  o.s.boot.web.embedded.tomcat.GracefulShutdown - Graceful shutdown complete
2025-11-14 02:07:30 [SpringApplicationShutdownHook] INFO  com.zaxxer.hikari.HikariDataSource - HikariPool-1 - Shutdown initiated...
2025-11-14 02:07:30 [SpringApplicationShutdownHook] INFO  com.zaxxer.hikari.HikariDataSource - HikariPool-1 - Shutdown completed.
2025-11-14 02:07:34 [main] INFO  com.alibaba.CommunityRentalSytemApplication - Starting CommunityRentalSytemApplication using Java 17.0.16 with PID 19640 (C:\Users\Keep\IdeaProjects\Community_Rental_Sytem\target\classes started by Keep in C:\Users\Keep\IdeaProjects\Community_Rental_Sytem)
2025-11-14 02:07:34 [main] DEBUG com.alibaba.CommunityRentalSytemApplication - Running with Spring Boot v3.5.7, Spring v6.2.12
2025-11-14 02:07:34 [main] INFO  com.alibaba.CommunityRentalSytemApplication - The following 1 profile is active: "dev"
2025-11-14 02:07:35 [main] INFO  o.s.d.r.config.RepositoryConfigurationDelegate - Multiple Spring Data modules found, entering strict repository configuration mode
2025-11-14 02:07:35 [main] INFO  o.s.d.r.config.RepositoryConfigurationDelegate - Bootstrapping Spring Data Redis repositories in DEFAULT mode.
2025-11-14 02:07:35 [main] INFO  o.s.d.r.config.RepositoryConfigurationDelegate - Finished Spring Data repository scanning in 14 ms. Found 0 Redis repository interfaces.
2025-11-14 02:07:35 [main] INFO  o.s.boot.web.embedded.tomcat.TomcatWebServer - Tomcat initialized with port 8080 (http)
2025-11-14 02:07:35 [main] INFO  org.apache.catalina.core.StandardService - Starting service [Tomcat]
2025-11-14 02:07:35 [main] INFO  org.apache.catalina.core.StandardEngine - Starting Servlet engine: [Apache Tomcat/10.1.48]
2025-11-14 02:07:35 [main] INFO  o.a.c.core.ContainerBase.[Tomcat].[localhost].[/] - Initializing Spring embedded WebApplicationContext
2025-11-14 02:07:35 [main] INFO  o.s.b.w.s.c.ServletWebServerApplicationContext - Root WebApplicationContext: initialization completed in 1087 ms
2025-11-14 02:07:36 [main] INFO  o.s.v.beanvalidation.OptionalValidatorFactoryBean - Failed to set up a Bean Validation provider: jakarta.validation.NoProviderFoundException: Unable to create a Configuration, because no Jakarta Bean Validation provider could be found. Add a provider like Hibernate Validator (RI) to your classpath.
2025-11-14 02:07:37 [main] INFO  o.s.boot.web.embedded.tomcat.TomcatWebServer - Tomcat started on port 8080 (http) with context path '/'
2025-11-14 02:07:37 [main] INFO  com.alibaba.CommunityRentalSytemApplication - Started CommunityRentalSytemApplication in 3.054 seconds (process running for 3.504)
2025-11-14 02:08:02 [SpringApplicationShutdownHook] INFO  o.s.boot.web.embedded.tomcat.GracefulShutdown - Commencing graceful shutdown. Waiting for active requests to complete
2025-11-14 02:08:02 [tomcat-shutdown] INFO  o.s.boot.web.embedded.tomcat.GracefulShutdown - Graceful shutdown complete
2025-11-14 02:08:06 [main] INFO  com.alibaba.CommunityRentalSytemApplication - Starting CommunityRentalSytemApplication using Java 17.0.16 with PID 14332 (C:\Users\Keep\IdeaProjects\Community_Rental_Sytem\target\classes started by Keep in C:\Users\Keep\IdeaProjects\Community_Rental_Sytem)
2025-11-14 02:08:06 [main] DEBUG com.alibaba.CommunityRentalSytemApplication - Running with Spring Boot v3.5.7, Spring v6.2.12
2025-11-14 02:08:06 [main] INFO  com.alibaba.CommunityRentalSytemApplication - The following 1 profile is active: "dev"
2025-11-14 02:08:07 [main] INFO  o.s.d.r.config.RepositoryConfigurationDelegate - Multiple Spring Data modules found, entering strict repository configuration mode
2025-11-14 02:08:07 [main] INFO  o.s.d.r.config.RepositoryConfigurationDelegate - Bootstrapping Spring Data Redis repositories in DEFAULT mode.
2025-11-14 02:08:07 [main] INFO  o.s.d.r.config.RepositoryConfigurationDelegate - Finished Spring Data repository scanning in 15 ms. Found 0 Redis repository interfaces.
2025-11-14 02:08:07 [main] INFO  o.s.boot.web.embedded.tomcat.TomcatWebServer - Tomcat initialized with port 8080 (http)
2025-11-14 02:08:07 [main] INFO  org.apache.catalina.core.StandardService - Starting service [Tomcat]
2025-11-14 02:08:07 [main] INFO  org.apache.catalina.core.StandardEngine - Starting Servlet engine: [Apache Tomcat/10.1.48]
2025-11-14 02:08:07 [main] INFO  o.a.c.core.ContainerBase.[Tomcat].[localhost].[/] - Initializing Spring embedded WebApplicationContext
2025-11-14 02:08:07 [main] INFO  o.s.b.w.s.c.ServletWebServerApplicationContext - Root WebApplicationContext: initialization completed in 1147 ms
2025-11-14 02:08:09 [main] INFO  o.s.v.beanvalidation.OptionalValidatorFactoryBean - Failed to set up a Bean Validation provider: jakarta.validation.NoProviderFoundException: Unable to create a Configuration, because no Jakarta Bean Validation provider could be found. Add a provider like Hibernate Validator (RI) to your classpath.
2025-11-14 02:08:09 [main] INFO  o.s.boot.web.embedded.tomcat.TomcatWebServer - Tomcat started on port 8080 (http) with context path '/'
2025-11-14 02:08:09 [main] INFO  com.alibaba.CommunityRentalSytemApplication - Started CommunityRentalSytemApplication in 3.302 seconds (process running for 3.734)
2025-11-14 02:08:10 [http-nio-8080-exec-2] INFO  o.a.c.core.ContainerBase.[Tomcat].[localhost].[/] - Initializing Spring DispatcherServlet 'dispatcherServlet'
2025-11-14 02:08:10 [http-nio-8080-exec-2] INFO  org.springframework.web.servlet.DispatcherServlet - Initializing Servlet 'dispatcherServlet'
2025-11-14 02:08:10 [http-nio-8080-exec-2] INFO  org.springframework.web.servlet.DispatcherServlet - Completed initialization in 1 ms
2025-11-14 02:08:10 [http-nio-8080-exec-2] INFO  com.zaxxer.hikari.HikariDataSource - HikariPool-1 - Starting...
2025-11-14 02:08:11 [http-nio-8080-exec-2] INFO  com.zaxxer.hikari.pool.HikariPool - HikariPool-1 - Added connection com.mysql.cj.jdbc.ConnectionImpl@34750b1c
2025-11-14 02:08:11 [http-nio-8080-exec-2] INFO  com.zaxxer.hikari.HikariDataSource - HikariPool-1 - Start completed.
2025-11-14 02:08:11 [http-nio-8080-exec-2] ERROR com.alibaba.handler.GlobalExceptionHandler - 业务异常: 密码错误或手机号错误
2025-11-14 02:09:31 [SpringApplicationShutdownHook] INFO  o.s.boot.web.embedded.tomcat.GracefulShutdown - Commencing graceful shutdown. Waiting for active requests to complete
2025-11-14 02:09:31 [tomcat-shutdown] INFO  o.s.boot.web.embedded.tomcat.GracefulShutdown - Graceful shutdown complete
2025-11-14 02:09:31 [SpringApplicationShutdownHook] INFO  com.zaxxer.hikari.HikariDataSource - HikariPool-1 - Shutdown initiated...
2025-11-14 02:09:31 [SpringApplicationShutdownHook] INFO  com.zaxxer.hikari.HikariDataSource - HikariPool-1 - Shutdown completed.
2025-11-14 02:09:35 [main] INFO  com.alibaba.CommunityRentalSytemApplication - Starting CommunityRentalSytemApplication using Java 17.0.16 with PID 35812 (C:\Users\Keep\IdeaProjects\Community_Rental_Sytem\target\classes started by Keep in C:\Users\Keep\IdeaProjects\Community_Rental_Sytem)
2025-11-14 02:09:35 [main] DEBUG com.alibaba.CommunityRentalSytemApplication - Running with Spring Boot v3.5.7, Spring v6.2.12
2025-11-14 02:09:35 [main] INFO  com.alibaba.CommunityRentalSytemApplication - The following 1 profile is active: "dev"
2025-11-14 02:09:35 [main] INFO  o.s.d.r.config.RepositoryConfigurationDelegate - Multiple Spring Data modules found, entering strict repository configuration mode
2025-11-14 02:09:35 [main] INFO  o.s.d.r.config.RepositoryConfigurationDelegate - Bootstrapping Spring Data Redis repositories in DEFAULT mode.
2025-11-14 02:09:35 [main] INFO  o.s.d.r.config.RepositoryConfigurationDelegate - Finished Spring Data repository scanning in 17 ms. Found 0 Redis repository interfaces.
2025-11-14 02:09:36 [main] INFO  o.s.boot.web.embedded.tomcat.TomcatWebServer - Tomcat initialized with port 8080 (http)
2025-11-14 02:09:36 [main] INFO  org.apache.catalina.core.StandardService - Starting service [Tomcat]
2025-11-14 02:09:36 [main] INFO  org.apache.catalina.core.StandardEngine - Starting Servlet engine: [Apache Tomcat/10.1.48]
2025-11-14 02:09:36 [main] INFO  o.a.c.core.ContainerBase.[Tomcat].[localhost].[/] - Initializing Spring embedded WebApplicationContext
2025-11-14 02:09:36 [main] INFO  o.s.b.w.s.c.ServletWebServerApplicationContext - Root WebApplicationContext: initialization completed in 1151 ms
2025-11-14 02:09:37 [main] INFO  o.s.v.beanvalidation.OptionalValidatorFactoryBean - Failed to set up a Bean Validation provider: jakarta.validation.NoProviderFoundException: Unable to create a Configuration, because no Jakarta Bean Validation provider could be found. Add a provider like Hibernate Validator (RI) to your classpath.
2025-11-14 02:09:37 [main] INFO  o.s.boot.web.embedded.tomcat.TomcatWebServer - Tomcat started on port 8080 (http) with context path '/'
2025-11-14 02:09:37 [main] INFO  com.alibaba.CommunityRentalSytemApplication - Started CommunityRentalSytemApplication in 3.256 seconds (process running for 3.693)
2025-11-14 02:09:39 [http-nio-8080-exec-3] INFO  o.a.c.core.ContainerBase.[Tomcat].[localhost].[/] - Initializing Spring DispatcherServlet 'dispatcherServlet'
2025-11-14 02:09:39 [http-nio-8080-exec-3] INFO  org.springframework.web.servlet.DispatcherServlet - Initializing Servlet 'dispatcherServlet'
2025-11-14 02:09:39 [http-nio-8080-exec-3] INFO  org.springframework.web.servlet.DispatcherServlet - Completed initialization in 1 ms
2025-11-14 02:09:39 [http-nio-8080-exec-3] INFO  com.zaxxer.hikari.HikariDataSource - HikariPool-1 - Starting...
2025-11-14 02:09:41 [http-nio-8080-exec-3] INFO  com.zaxxer.hikari.pool.HikariPool - HikariPool-1 - Added connection com.mysql.cj.jdbc.ConnectionImpl@141543b0
2025-11-14 02:09:41 [http-nio-8080-exec-3] INFO  com.zaxxer.hikari.HikariDataSource - HikariPool-1 - Start completed.
2025-11-14 02:09:41 [http-nio-8080-exec-3] ERROR com.alibaba.handler.GlobalExceptionHandler - 业务异常: 密码错误
2025-11-14 02:10:02 [http-nio-8080-exec-4] ERROR com.alibaba.handler.GlobalExceptionHandler - 业务异常: 密码错误
2025-11-14 02:13:46 [SpringApplicationShutdownHook] INFO  o.s.boot.web.embedded.tomcat.GracefulShutdown - Commencing graceful shutdown. Waiting for active requests to complete
2025-11-14 02:13:46 [tomcat-shutdown] INFO  o.s.boot.web.embedded.tomcat.GracefulShutdown - Graceful shutdown complete
2025-11-14 02:13:46 [SpringApplicationShutdownHook] INFO  com.zaxxer.hikari.HikariDataSource - HikariPool-1 - Shutdown initiated...
2025-11-14 02:13:46 [SpringApplicationShutdownHook] INFO  com.zaxxer.hikari.HikariDataSource - HikariPool-1 - Shutdown completed.
2025-11-14 02:13:50 [main] INFO  com.alibaba.CommunityRentalSytemApplication - Starting CommunityRentalSytemApplication using Java 17.0.16 with PID 9092 (C:\Users\Keep\IdeaProjects\Community_Rental_Sytem\target\classes started by Keep in C:\Users\Keep\IdeaProjects\Community_Rental_Sytem)
2025-11-14 02:13:50 [main] DEBUG com.alibaba.CommunityRentalSytemApplication - Running with Spring Boot v3.5.7, Spring v6.2.12
2025-11-14 02:13:50 [main] INFO  com.alibaba.CommunityRentalSytemApplication - The following 1 profile is active: "dev"
2025-11-14 02:13:50 [main] INFO  o.s.d.r.config.RepositoryConfigurationDelegate - Multiple Spring Data modules found, entering strict repository configuration mode
2025-11-14 02:13:50 [main] INFO  o.s.d.r.config.RepositoryConfigurationDelegate - Bootstrapping Spring Data Redis repositories in DEFAULT mode.
2025-11-14 02:13:50 [main] INFO  o.s.d.r.config.RepositoryConfigurationDelegate - Finished Spring Data repository scanning in 15 ms. Found 0 Redis repository interfaces.
2025-11-14 02:13:51 [main] INFO  o.s.boot.web.embedded.tomcat.TomcatWebServer - Tomcat initialized with port 8080 (http)
2025-11-14 02:13:51 [main] INFO  org.apache.catalina.core.StandardService - Starting service [Tomcat]
2025-11-14 02:13:51 [main] INFO  org.apache.catalina.core.StandardEngine - Starting Servlet engine: [Apache Tomcat/10.1.48]
2025-11-14 02:13:51 [main] INFO  o.a.c.core.ContainerBase.[Tomcat].[localhost].[/] - Initializing Spring embedded WebApplicationContext
2025-11-14 02:13:51 [main] INFO  o.s.b.w.s.c.ServletWebServerApplicationContext - Root WebApplicationContext: initialization completed in 1156 ms
2025-11-14 02:13:52 [main] INFO  o.s.v.beanvalidation.OptionalValidatorFactoryBean - Failed to set up a Bean Validation provider: jakarta.validation.NoProviderFoundException: Unable to create a Configuration, because no Jakarta Bean Validation provider could be found. Add a provider like Hibernate Validator (RI) to your classpath.
2025-11-14 02:13:52 [main] INFO  o.s.boot.web.embedded.tomcat.TomcatWebServer - Tomcat started on port 8080 (http) with context path '/'
2025-11-14 02:13:52 [main] INFO  com.alibaba.CommunityRentalSytemApplication - Started CommunityRentalSytemApplication in 3.178 seconds (process running for 3.598)
2025-11-14 02:13:55 [http-nio-8080-exec-2] INFO  o.a.c.core.ContainerBase.[Tomcat].[localhost].[/] - Initializing Spring DispatcherServlet 'dispatcherServlet'
2025-11-14 02:13:55 [http-nio-8080-exec-2] INFO  org.springframework.web.servlet.DispatcherServlet - Initializing Servlet 'dispatcherServlet'
2025-11-14 02:13:55 [http-nio-8080-exec-2] INFO  org.springframework.web.servlet.DispatcherServlet - Completed initialization in 0 ms
2025-11-14 02:13:55 [http-nio-8080-exec-2] INFO  com.zaxxer.hikari.HikariDataSource - HikariPool-1 - Starting...
2025-11-14 02:13:56 [http-nio-8080-exec-2] INFO  com.zaxxer.hikari.pool.HikariPool - HikariPool-1 - Added connection com.mysql.cj.jdbc.ConnectionImpl@3cd20e9f
2025-11-14 02:13:56 [http-nio-8080-exec-2] INFO  com.zaxxer.hikari.HikariDataSource - HikariPool-1 - Start completed.
2025-11-14 02:13:56 [http-nio-8080-exec-2] ERROR com.alibaba.handler.GlobalExceptionHandler - 业务异常: 密码错误
2025-11-14 02:14:06 [SpringApplicationShutdownHook] INFO  o.s.boot.web.embedded.tomcat.GracefulShutdown - Commencing graceful shutdown. Waiting for active requests to complete
2025-11-14 02:14:06 [tomcat-shutdown] INFO  o.s.boot.web.embedded.tomcat.GracefulShutdown - Graceful shutdown complete
2025-11-14 02:14:06 [SpringApplicationShutdownHook] INFO  com.zaxxer.hikari.HikariDataSource - HikariPool-1 - Shutdown initiated...
2025-11-14 02:14:06 [SpringApplicationShutdownHook] INFO  com.zaxxer.hikari.HikariDataSource - HikariPool-1 - Shutdown completed.
2025-11-14 02:14:10 [main] INFO  com.alibaba.CommunityRentalSytemApplication - Starting CommunityRentalSytemApplication using Java 17.0.16 with PID 34660 (C:\Users\Keep\IdeaProjects\Community_Rental_Sytem\target\classes started by Keep in C:\Users\Keep\IdeaProjects\Community_Rental_Sytem)
2025-11-14 02:14:10 [main] DEBUG com.alibaba.CommunityRentalSytemApplication - Running with Spring Boot v3.5.7, Spring v6.2.12
2025-11-14 02:14:10 [main] INFO  com.alibaba.CommunityRentalSytemApplication - The following 1 profile is active: "dev"
2025-11-14 02:14:11 [main] INFO  o.s.d.r.config.RepositoryConfigurationDelegate - Multiple Spring Data modules found, entering strict repository configuration mode
2025-11-14 02:14:11 [main] INFO  o.s.d.r.config.RepositoryConfigurationDelegate - Bootstrapping Spring Data Redis repositories in DEFAULT mode.
2025-11-14 02:14:11 [main] INFO  o.s.d.r.config.RepositoryConfigurationDelegate - Finished Spring Data repository scanning in 18 ms. Found 0 Redis repository interfaces.
2025-11-14 02:14:11 [main] INFO  o.s.boot.web.embedded.tomcat.TomcatWebServer - Tomcat initialized with port 8080 (http)
2025-11-14 02:14:11 [main] INFO  org.apache.catalina.core.StandardService - Starting service [Tomcat]
2025-11-14 02:14:11 [main] INFO  org.apache.catalina.core.StandardEngine - Starting Servlet engine: [Apache Tomcat/10.1.48]
2025-11-14 02:14:11 [main] INFO  o.a.c.core.ContainerBase.[Tomcat].[localhost].[/] - Initializing Spring embedded WebApplicationContext
2025-11-14 02:14:11 [main] INFO  o.s.b.w.s.c.ServletWebServerApplicationContext - Root WebApplicationContext: initialization completed in 1184 ms
2025-11-14 02:14:12 [main] INFO  o.s.v.beanvalidation.OptionalValidatorFactoryBean - Failed to set up a Bean Validation provider: jakarta.validation.NoProviderFoundException: Unable to create a Configuration, because no Jakarta Bean Validation provider could be found. Add a provider like Hibernate Validator (RI) to your classpath.
2025-11-14 02:14:13 [main] INFO  o.s.boot.web.embedded.tomcat.TomcatWebServer - Tomcat started on port 8080 (http) with context path '/'
2025-11-14 02:14:13 [main] INFO  com.alibaba.CommunityRentalSytemApplication - Started CommunityRentalSytemApplication in 3.155 seconds (process running for 3.611)
2025-11-14 02:14:17 [http-nio-8080-exec-4] INFO  o.a.c.core.ContainerBase.[Tomcat].[localhost].[/] - Initializing Spring DispatcherServlet 'dispatcherServlet'
2025-11-14 02:14:17 [http-nio-8080-exec-4] INFO  org.springframework.web.servlet.DispatcherServlet - Initializing Servlet 'dispatcherServlet'
2025-11-14 02:14:17 [http-nio-8080-exec-4] INFO  org.springframework.web.servlet.DispatcherServlet - Completed initialization in 1 ms
2025-11-14 02:14:17 [http-nio-8080-exec-4] INFO  com.zaxxer.hikari.HikariDataSource - HikariPool-1 - Starting...
2025-11-14 02:14:19 [http-nio-8080-exec-4] INFO  com.zaxxer.hikari.pool.HikariPool - HikariPool-1 - Added connection com.mysql.cj.jdbc.ConnectionImpl@a9af7e5
2025-11-14 02:14:19 [http-nio-8080-exec-4] INFO  com.zaxxer.hikari.HikariDataSource - HikariPool-1 - Start completed.
2025-11-14 02:14:36 [SpringApplicationShutdownHook] INFO  o.s.boot.web.embedded.tomcat.GracefulShutdown - Commencing graceful shutdown. Waiting for active requests to complete
2025-11-14 02:14:36 [tomcat-shutdown] INFO  o.s.boot.web.embedded.tomcat.GracefulShutdown - Graceful shutdown complete
2025-11-14 02:14:36 [SpringApplicationShutdownHook] INFO  com.zaxxer.hikari.HikariDataSource - HikariPool-1 - Shutdown initiated...
2025-11-14 02:14:36 [SpringApplicationShutdownHook] INFO  com.zaxxer.hikari.HikariDataSource - HikariPool-1 - Shutdown completed.
